<?xml version="1.0" encoding="UTF-8"?>
<!-- Generated by org.testng.reporters.JUnitXMLReporter -->
<testsuite hostname="DXCINDAI683957" ignored="0" name="Test" tests="4" failures="0" timestamp="22 Apr 2019 13:37:51 GMT" time="45.762" errors="0">
  <testcase name="login1" time="29.401" classname="com.agile.testcases.Login"/>
  <testcase name="Customertest" time="0.469" classname="com.agile.testcases.Customer"/>
  <testcase name="ministatementtest" time="11.252" classname="com.agile.testcases.Ministatement"/>
  <testcase name="logouttestcases" time="4.555" classname="com.agile.testcases.logouttest"/>
</testsuite> <!-- Test -->
