<?xml version="1.0" encoding="UTF-8"?>
<testng-results skipped="0" failed="0" ignored="0" total="4" passed="4">
  <reporter-output>
  </reporter-output>
  <suite name="Suite" duration-ms="45762" started-at="2019-04-22T13:37:05Z" finished-at="2019-04-22T13:37:51Z">
    <groups>
    </groups>
    <test name="Test" duration-ms="45762" started-at="2019-04-22T13:37:05Z" finished-at="2019-04-22T13:37:51Z">
      <class name="com.agile.testcases.logouttest">
        <test-method status="PASS" signature="logouttestcases()[pri:0, instance:com.agile.testcases.logouttest@1a968a59]" name="logouttestcases" duration-ms="4555" started-at="2019-04-22T13:37:47Z" finished-at="2019-04-22T13:37:51Z">
          <reporter-output>
          </reporter-output>
        </test-method> <!-- logouttestcases -->
      </class> <!-- com.agile.testcases.logouttest -->
      <class name="com.agile.testcases.Ministatement">
        <test-method status="PASS" signature="ministatementtest()[pri:0, instance:com.agile.testcases.Ministatement@548e7350]" name="ministatementtest" duration-ms="11252" started-at="2019-04-22T13:37:35Z" finished-at="2019-04-22T13:37:47Z">
          <reporter-output>
          </reporter-output>
        </test-method> <!-- ministatementtest -->
      </class> <!-- com.agile.testcases.Ministatement -->
      <class name="com.agile.testcases.Login">
        <test-method status="PASS" signature="login1()[pri:0, instance:com.agile.testcases.Login@57baeedf]" name="login1" duration-ms="29401" started-at="2019-04-22T13:37:06Z" finished-at="2019-04-22T13:37:35Z">
          <reporter-output>
          </reporter-output>
        </test-method> <!-- login1 -->
      </class> <!-- com.agile.testcases.Login -->
      <class name="com.agile.testcases.Customer">
        <test-method status="PASS" signature="Customertest()[pri:0, instance:com.agile.testcases.Customer@5442a311]" name="Customertest" duration-ms="469" started-at="2019-04-22T13:37:35Z" finished-at="2019-04-22T13:37:35Z">
          <reporter-output>
          </reporter-output>
        </test-method> <!-- Customertest -->
      </class> <!-- com.agile.testcases.Customer -->
    </test> <!-- Test -->
  </suite> <!-- Suite -->
</testng-results>
